15:55:39 **** Incremental Build of configuration Nios II for project G3U_Eth_Basic ****
make all 
Info: Building ../G3U_Eth_Basic_bsp/
C:/intelFPGA/16.1/nios2eds/bin/gnu/H-x86_64-mingw32/bin/make --no-print-directory -C ../G3U_Eth_Basic_bsp/
[BSP build complete]
Info: Compiling simple_socket_server.c to obj/default/simple_socket_server.o
nios2-elf-gcc -xc -MP -MMD -c -I../G3U_Eth_Basic_bsp//drivers/inc -I../G3U_Eth_Basic_bsp//drivers/inc/iniche -I../G3U_Eth_Basic_bsp//iniche/inc -I../G3U_Eth_Basic_bsp//iniche/src/h -I../G3U_Eth_Basic_bsp//iniche/src/h/nios2 -I../G3U_Eth_Basic_bsp//iniche/src/nios2 -I../G3U_Eth_Basic_bsp//UCOSII/inc -I../G3U_Eth_Basic_bsp//HAL/inc -I../G3U_Eth_Basic_bsp/ -I../G3U_Eth_Basic_bsp//drivers/inc  -pipe -D__hal__ -DALT_NO_INSTRUCTION_EMULATION -DALTERA_TRIPLE_SPEED_MAC -DALT_INICHE -D__ucosii__    -O0 -g -Wall   -mhw-div -mhw-mul -mhw-mulx -mgpopt=global  -o obj/default/simple_socket_server.o simple_socket_server.c
simple_socket_server.c: In function 'sss_exec_command':
simple_socket_server.c:380:40: warning: passing argument 2 of 'OSQPost' makes pointer from integer without a cast [-Wint-conversion]
  error_code = OSQPost(SimucamCommandQ, cmd_pos[0]);
                                        ^
In file included from ../G3U_Eth_Basic_bsp//HAL/inc/includes.h:23:0,
                 from simple_socket_server.c:31:
../G3U_Eth_Basic_bsp//UCOSII/inc/ucos_ii.h:1035:15: note: expected 'void *' but argument is of type 'INT8U {aka unsigned char}'
 INT8U         OSQPost                 (OS_EVENT        *pevent,
               ^
simple_socket_server.c:387:6: warning: implicit declaration of function 'toInt' [-Wimplicit-function-declaration]
  if (toInt(cmd_pos[0]) == 3 || toInt(cmd_pos[0]) == 5) {
      ^
simple_socket_server.c:393:11: warning: cast from pointer to integer of different size [-Wpointer-to-int-cast]
    buff = (INT8U) OSQPend(SimucamDataQ, 0, &error_code);
           ^
simple_socket_server.c:402:12: warning: cast from pointer to integer of different size [-Wpointer-to-int-cast]
  q_error = (INT8U) OSQPend(SimucamCommandQ, 0, &error_code);
            ^
Info: Compiling sub_unit_control.c to obj/default/sub_unit_control.o
nios2-elf-gcc -xc -MP -MMD -c -I../G3U_Eth_Basic_bsp//drivers/inc -I../G3U_Eth_Basic_bsp//drivers/inc/iniche -I../G3U_Eth_Basic_bsp//iniche/inc -I../G3U_Eth_Basic_bsp//iniche/src/h -I../G3U_Eth_Basic_bsp//iniche/src/h/nios2 -I../G3U_Eth_Basic_bsp//iniche/src/nios2 -I../G3U_Eth_Basic_bsp//UCOSII/inc -I../G3U_Eth_Basic_bsp//HAL/inc -I../G3U_Eth_Basic_bsp/ -I../G3U_Eth_Basic_bsp//drivers/inc  -pipe -D__hal__ -DALT_NO_INSTRUCTION_EMULATION -DALTERA_TRIPLE_SPEED_MAC -DALT_INICHE -D__ucosii__    -O0 -g -Wall   -mhw-div -mhw-mul -mhw-mulx -mgpopt=global  -o obj/default/sub_unit_control.o sub_unit_control.c
sub_unit_control.c: In function 'sub_unit_create_os_data_structs':
sub_unit_control.c:50:38: warning: passing argument 1 of 'OSQCreate' from incompatible pointer type [-Wincompatible-pointer-types]
  p_sub_unit_config_queue = OSQCreate(&p_sub_unit_config_queue_tbl[0], SUBUNIT_BUFFER);
                                      ^
In file included from ../G3U_Eth_Basic_bsp//HAL/inc/includes.h:23:0,
                 from alt_error_handler.h:70,
                 from sub_unit_control.h:16,
                 from sub_unit_control.c:8:
../G3U_Eth_Basic_bsp//UCOSII/inc/ucos_ii.h:1011:15: note: expected 'void **' but argument is of type 'struct _sub_config **'
 OS_EVENT     *OSQCreate               (void           **start,
               ^
sub_unit_control.c:60:41: warning: passing argument 1 of 'OSQCreate' from incompatible pointer type [-Wincompatible-pointer-types]
    p_sub_unit_command_queue = OSQCreate(&p_sub_unit_command_queue_tbl[0], SUBUNIT_BUFFER);
                                         ^
In file included from ../G3U_Eth_Basic_bsp//HAL/inc/includes.h:23:0,
                 from alt_error_handler.h:70,
                 from sub_unit_control.h:16,
                 from sub_unit_control.c:8:
../G3U_Eth_Basic_bsp//UCOSII/inc/ucos_ii.h:1011:15: note: expected 'void **' but argument is of type 'INT8U ** {aka unsigned char **}'
 OS_EVENT     *OSQCreate               (void           **start,
               ^
sub_unit_control.c:45:8: warning: unused variable 'error_code' [-Wunused-variable]
  INT8U error_code;
        ^
sub_unit_control.c: In function 'sub_unit_control_task':
sub_unit_control.c:88:9: warning: cast from pointer to integer of different size [-Wpointer-to-int-cast]
   cmd = (INT8U) OSQPend(p_sub_unit_command_queue, 0, &error_code);
         ^
sub_unit_control.c:82:9: warning: variable 'cmd' set but not used [-Wunused-but-set-variable]
   INT8U cmd;
         ^
Info: Linking G3U_Eth_Basic.elf
nios2-elf-g++  -T'../G3U_Eth_Basic_bsp//linker.x' -msys-crt0='../G3U_Eth_Basic_bsp//obj/HAL/src/crt0.o' -msys-lib=ucosii_bsp -L../G3U_Eth_Basic_bsp/   -Wl,-Map=G3U_Eth_Basic.map   -O0 -g -Wall   -mhw-div -mhw-mul -mhw-mulx -mgpopt=global  -o G3U_Eth_Basic.elf obj/default/alt_error_handler.o obj/default/command_control.o obj/default/driver/i2c/i2c.o obj/default/driver/leds/leds.o obj/default/driver/power_spi/power_spi.o obj/default/driver/rtcc_spi/rtcc_spi.o obj/default/driver/seven_seg/seven_seg.o obj/default/iniche_init.o obj/default/led.o obj/default/logic/comm/spwc/spwc.o obj/default/logic/comm/tran/tran.o obj/default/logic/ddr2/ddr2.o obj/default/logic/dma/dma.o obj/default/logic/eth/eth.o obj/default/logic/pgen/pgen.o obj/default/logic/sense/sense.o obj/default/network_utilities.o obj/default/rtos/default_configs.o obj/default/rtos/rtos_tasks.o obj/default/simple_socket_server.o obj/default/sub_unit_control.o obj/default/tse_my_system.o obj/default/utils/util.o -lm -msys-lib=m
nios2-elf-insert G3U_Eth_Basic.elf --thread_model ucosii --cpu_name nios2_gen2_0 --qsys true --simulation_enabled false --id 0 --sidp 0x812040c0 --timestamp 1525198004 --stderr_dev jtag_uart_0 --stdin_dev jtag_uart_0 --stdout_dev jtag_uart_0 --sopc_system_name MebX_Qsys_Project --quartus_project_dir "C:/Users/yuribunduki/Documents/git/IWF_SimuCam_Development/G3U_HW_V02_2GB/Qsys_Project" --sopcinfo C:/Users/yuribunduki/Documents/git/IWF_SimuCam_Development/G3U_HW_V02_2GB/Qsys_Project/software/G3U_Eth_Basic_bsp/../../MebX_Qsys_Project.sopcinfo
Info: (G3U_Eth_Basic.elf) 535 KBytes program size (code + initialized data).
Info:                     464 KBytes free for stack + heap.
Info: Creating G3U_Eth_Basic.objdump
nios2-elf-objdump --disassemble --syms --all-header --source G3U_Eth_Basic.elf >G3U_Eth_Basic.objdump
[G3U_Eth_Basic build complete]

15:55:44 Build Finished (took 4s.986ms)

